{
  method: 'GET',
  statusCode: 200,
  message: '{"url":"/users","body":{},"query":{}}',
  level: 'info',
  timestamp: '2021-06-06 13:40:03'
}
{
  method: 'GET',
  statusCode: 200,
  message: '{"url":"/users/12","body":{},"query":{}}',
  level: 'info',
  timestamp: '2021-06-06 13:40:26'
}
{
  status: "Couldn't find a user with id: 12",
  code: 404,
  method: 'GET',
  statusText: 'Error',
  message: '{"url":"/users/12","body":{},"query":{}}',
  level: 'error',
  timestamp: '2021-06-06 13:40:26'
}
{
  method: 'GET',
  statusCode: 200,
  message: '{"url":"/users/12","body":{},"query":{}}',
  level: 'info',
  timestamp: '2021-06-06 13:42:26'
}
{
  status: '500',
  code: 500,
  method: 'GET',
  message: 'Internal Server Error',
  description: "Cannot destructure property 'id' of 'user' as it is undefined.",
  level: 'error',
  timestamp: '2021-06-06 13:42:26'
}
{
  method: 'GET',
  statusCode: 200,
  message: '{"url":"/users/12","body":{},"query":{}}',
  level: 'info',
  timestamp: '2021-06-06 13:42:57'
}
{
  status: '500',
  code: 500,
  method: 'GET',
  message: 'Internal Server Error',
  description: "Cannot destructure property 'id' of 'user' as it is undefined.",
  level: 'error',
  timestamp: '2021-06-06 13:42:57'
}
{
  method: 'GET',
  statusCode: 200,
  message: '{"url":"/users/12","body":{},"query":{}}',
  level: 'info',
  timestamp: '2021-06-06 14:55:57'
}
{
  status: '500',
  code: 500,
  method: 'GET',
  message: 'Internal Server Error',
  description: "Couldn't find a user with id: 12",
  level: 'error',
  timestamp: '2021-06-06 14:55:57'
}
{
  method: 'GET',
  statusCode: 200,
  message: '{"url":"/users/12","body":{},"query":{}}',
  level: 'info',
  timestamp: '2021-06-06 15:04:48'
}
{
  status: "Couldn't find a user with id: 12",
  code: 404,
  method: 'GET',
  statusText: 'Error',
  message: '{"url":"/users/12","body":{},"query":{}}',
  level: 'error',
  timestamp: '2021-06-06 15:04:48'
}
